Using pre-set license
Built from '2022.3/staging' branch; Version is '2022.3.50f1 (c3db7f8bf9b1) revision 12835711'; Using compiler version '192829333'; Build Type 'Release'
OS: 'Windows 10  (10.0.19045) 64bit ProfessionalWorkstation' Language: 'es' Physical Memory: 16332 MB
BatchMode: 1, IsHumanControllingUs: 0, StartBugReporterOnCrash: 0, Is64bit: 1, IsPro: 1

COMMAND LINE ARGUMENTS:
G:\Unity Hub\Editor\2022.3.50f1\Editor\Unity.exe
-adb2
-batchMode
-noUpm
-name
AssetImportWorker0
-projectPath
G:/School Run Away (2.5)/ExportedProject
-logFile
Logs/AssetImportWorker0.log
-srvPort
59854
Successfully changed project path to: G:/School Run Away (2.5)/ExportedProject
G:/School Run Away (2.5)/ExportedProject
[UnityMemory] Configuration Parameters - Can be set up in boot.config
    "memorysetup-bucket-allocator-granularity=16"
    "memorysetup-bucket-allocator-bucket-count=8"
    "memorysetup-bucket-allocator-block-size=33554432"
    "memorysetup-bucket-allocator-block-count=8"
    "memorysetup-main-allocator-block-size=16777216"
    "memorysetup-thread-allocator-block-size=16777216"
    "memorysetup-gfx-main-allocator-block-size=16777216"
    "memorysetup-gfx-thread-allocator-block-size=16777216"
    "memorysetup-cache-allocator-block-size=4194304"
    "memorysetup-typetree-allocator-block-size=2097152"
    "memorysetup-profiler-bucket-allocator-granularity=16"
    "memorysetup-profiler-bucket-allocator-bucket-count=8"
    "memorysetup-profiler-bucket-allocator-block-size=33554432"
    "memorysetup-profiler-bucket-allocator-block-count=8"
    "memorysetup-profiler-allocator-block-size=16777216"
    "memorysetup-profiler-editor-allocator-block-size=1048576"
    "memorysetup-temp-allocator-size-main=16777216"
    "memorysetup-job-temp-allocator-block-size=2097152"
    "memorysetup-job-temp-allocator-block-size-background=1048576"
    "memorysetup-job-temp-allocator-reduction-small-platforms=262144"
    "memorysetup-allocator-temp-initial-block-size-main=262144"
    "memorysetup-allocator-temp-initial-block-size-worker=262144"
    "memorysetup-temp-allocator-size-background-worker=32768"
    "memorysetup-temp-allocator-size-job-worker=262144"
    "memorysetup-temp-allocator-size-preload-manager=33554432"
    "memorysetup-temp-allocator-size-nav-mesh-worker=65536"
    "memorysetup-temp-allocator-size-audio-worker=65536"
    "memorysetup-temp-allocator-size-cloud-worker=32768"
    "memorysetup-temp-allocator-size-gi-baking-worker=262144"
    "memorysetup-temp-allocator-size-gfx=262144"
Player connection [15604]  Target information:

Player connection [15604]  * "[IP] 192.168.0.57 [Port] 0 [Flags] 2 [Guid] 2032928304 [EditorId] 2032928304 [Version] 1048832 [Id] WindowsEditor(7,DESKTOP-ENAO1N7) [Debug] 1 [PackageName] WindowsEditor [ProjectName] Editor" 

Player connection [15604] Host joined multi-casting on [225.0.0.222:54997]...
Player connection [15604] Host joined alternative multi-casting on [225.0.0.222:34997]...
[PhysX] Initialized MultithreadedTaskDispatcher with 8 workers.
Refreshing native plugins compatible for Editor in 0.00 ms, found 0 plugins.
Preloading 0 native plugins for Editor in 0.00 ms.
Initialize engine version: 2022.3.50f1 (c3db7f8bf9b1)
[Subsystems] Discovering subsystems at path G:/Unity Hub/Editor/2022.3.50f1/Editor/Data/Resources/UnitySubsystems
[Subsystems] Discovering subsystems at path G:/School Run Away (2.5)/ExportedProject/Assets
GfxDevice: creating device client; threaded=0; jobified=0
Direct3D:
    Version:  Direct3D 11.0 [level 11.1]
    Renderer: NVIDIA GeForce GTX 1650 SUPER (ID=0x2187)
    Vendor:   NVIDIA
    VRAM:     3930 MB
    Driver:   32.0.15.6590
Initialize mono
Mono path[0] = 'G:/Unity Hub/Editor/2022.3.50f1/Editor/Data/Managed'
Mono path[1] = 'G:/Unity Hub/Editor/2022.3.50f1/Editor/Data/MonoBleedingEdge/lib/mono/unityjit-win32'
Mono config path = 'G:/Unity Hub/Editor/2022.3.50f1/Editor/Data/MonoBleedingEdge/etc'
Using monoOptions --debugger-agent=transport=dt_socket,embedding=1,server=y,suspend=n,address=127.0.0.1:56716
Begin MonoManager ReloadAssembly
Registering precompiled unity dll's ...
Register platform support module: G:/Unity Hub/Editor/2022.3.50f1/Editor/Data/PlaybackEngines/WebGLSupport/UnityEditor.WebGL.Extensions.dll
Register platform support module: G:/Unity Hub/Editor/2022.3.50f1/Editor/Data/PlaybackEngines/AndroidPlayer/UnityEditor.Android.Extensions.dll
Register platform support module: G:/Unity Hub/Editor/2022.3.50f1/Editor/Data/PlaybackEngines/WindowsStandaloneSupport/UnityEditor.WindowsStandalone.Extensions.dll
Registered in 0.008820 seconds.
- Loaded All Assemblies, in  0.450 seconds
Native extension for WindowsStandalone target not found
Native extension for Android target not found
Android Extension - Scanning For ADB Devices 303 ms
Native extension for WebGL target not found
Mono: successfully reloaded assembly
- Finished resetting the current domain, in  0.649 seconds
Domain Reload Profiling: 1099ms
	BeginReloadAssembly (135ms)
		ExecutionOrderSort (0ms)
		DisableScriptedObjects (0ms)
		BackupInstance (0ms)
		ReleaseScriptingObjects (0ms)
		CreateAndSetChildDomain (1ms)
	RebuildCommonClasses (42ms)
	RebuildNativeTypeToScriptingClass (15ms)
	initialDomainReloadingComplete (60ms)
	LoadAllAssembliesAndSetupDomain (198ms)
		LoadAssemblies (136ms)
		RebuildTransferFunctionScriptingTraits (0ms)
		AnalyzeDomain (194ms)
			TypeCache.Refresh (191ms)
				TypeCache.ScanAssembly (175ms)
			ScanForSourceGeneratedMonoScriptInfo (1ms)
			ResolveRequiredComponents (1ms)
	FinalizeReload (650ms)
		ReleaseScriptCaches (0ms)
		RebuildScriptCaches (0ms)
		SetupLoadedEditorAssemblies (590ms)
			LogAssemblyErrors (0ms)
			InitializePlatformSupportModulesInManaged (398ms)
			SetLoadedEditorAssemblies (4ms)
			RefreshPlugins (0ms)
			BeforeProcessingInitializeOnLoad (2ms)
			ProcessInitializeOnLoadAttributes (134ms)
			ProcessInitializeOnLoadMethodAttributes (51ms)
			AfterProcessingInitializeOnLoad (0ms)
			EditorAssembliesLoaded (0ms)
		ExecutionOrderSort2 (0ms)
		AwakeInstancesAfterBackupRestoration (0ms)
========================================================================
Worker process is ready to serve import requests
Caller must complete domain reload
Begin MonoManager ReloadAssembly
- Loaded All Assemblies, in  0.654 seconds
Native extension for WindowsStandalone target not found
Native extension for Android target not found
Native extension for WebGL target not found
Mono: successfully reloaded assembly
- Finished resetting the current domain, in  0.381 seconds
Domain Reload Profiling: 1036ms
	BeginReloadAssembly (180ms)
		ExecutionOrderSort (0ms)
		DisableScriptedObjects (7ms)
		BackupInstance (0ms)
		ReleaseScriptingObjects (0ms)
		CreateAndSetChildDomain (24ms)
	RebuildCommonClasses (36ms)
	RebuildNativeTypeToScriptingClass (15ms)
	initialDomainReloadingComplete (18ms)
	LoadAllAssembliesAndSetupDomain (404ms)
		LoadAssemblies (491ms)
		RebuildTransferFunctionScriptingTraits (0ms)
		AnalyzeDomain (25ms)
			TypeCache.Refresh (21ms)
				TypeCache.ScanAssembly (13ms)
			ScanForSourceGeneratedMonoScriptInfo (1ms)
			ResolveRequiredComponents (2ms)
	FinalizeReload (382ms)
		ReleaseScriptCaches (0ms)
		RebuildScriptCaches (0ms)
		SetupLoadedEditorAssemblies (235ms)
			LogAssemblyErrors (0ms)
			InitializePlatformSupportModulesInManaged (19ms)
			SetLoadedEditorAssemblies (4ms)
			RefreshPlugins (0ms)
			BeforeProcessingInitializeOnLoad (37ms)
			ProcessInitializeOnLoadAttributes (151ms)
			ProcessInitializeOnLoadMethodAttributes (20ms)
			AfterProcessingInitializeOnLoad (4ms)
			EditorAssembliesLoaded (0ms)
		ExecutionOrderSort2 (0ms)
		AwakeInstancesAfterBackupRestoration (7ms)
Launched and connected shader compiler UnityShaderCompiler.exe after 0.05 seconds
Refreshing native plugins compatible for Editor in 0.00 ms, found 0 plugins.
Preloading 0 native plugins for Editor in 0.00 ms.
Unloading 358 Unused Serialized files (Serialized files now loaded: 0)
Unloading 2 unused Assets / (21.5 KB). Loaded Objects now: 833.
Memory consumption went from 57.4 MB to 57.4 MB.
Total: 3.305500 ms (FindLiveObjects: 0.132100 ms CreateObjectMapping: 0.023600 ms MarkObjects: 3.123000 ms  DeleteObjects: 0.025700 ms)

AssetImportParameters requested are different than current active one (requested -> active):
  custom:video-decoder-ogg-theora: a1e56fd34408186e4bbccfd4996cb3dc -> 
  custom:container-muxer-webm: aa71ff27fc2769a1b78a27578f13a17b -> 
  custom:container-demuxer-webm: 4f35f7cbe854078d1ac9338744f61a02 -> 
  custom:video-encoder-webm-vp8: eb34c28f22e8b96e1ab97ce403110664 -> 
  custom:CustomObjectIndexerAttribute: 9a22284fe3817be447336de3de66b15e -> 
  custom:audio-encoder-webm-vorbis: bf7c407c2cedff20999df2af8eb42d56 -> 
  custom:framework-win-MediaFoundation: 216162199b28c13a410421893ffa2e32 -> 
  custom:SearchIndexIgnoredProperties: e643bd26f0fe6173181afceb89e7c659 -> 
  custom:container-demuxer-ogg: 62fdf1f143b41e24485cea50d1cbac27 -> 
  custom:video-decoder-webm-vp8: 9c59270c3fd7afecdb556c50c9e8de78 -> 
  custom:audio-decoder-ogg-vorbis: bf7c407c2cedff20999df2af8eb42d56 -> 
  custom:AudioImporter_EditorPlatform: d09bf68614088b80899f8185d706f6e7 -> 
  custom:scripting/monoscript/fileName/LayoutGroup.cs:  -> 47296f37423e45582ae2a1285f1834e1
  custom:scripting/monoscript/fileName/EventTriggerEditor.cs:  -> 6ea4cbbbbfa1cf486ec109d8109386ab
  custom:scripting/monoscript/fileName/BaseInputModule.cs:  -> e5d51419cd83ddd14cfd2bfec49bced5
  custom:scripting/monoscript/fileName/TouchInputModule.cs:  -> f649e6d16e6a2b3e3d9ef2fc7f32a42a
  custom:scripting/monoscript/fileName/Button.cs:  -> 18874d3cd8f6e3668320e6beabdb6cbc
  custom:scripting/monoscript/fileName/LayoutUtility.cs:  -> 5aad751cb79650d7f92ebd417a09943c
  custom:scripting/monoscript/fileName/LayoutRebuilder.cs:  -> 361ab5c1dfc0dd155ae206d28605f701
  custom:scripting/monoscript/fileName/MaskUtilities.cs:  -> 1ac31d7c3f0aeeb6154c06c4f379fbda
  custom:scripting/monoscript/fileName/Clipping.cs:  -> 5c87c7b6bd30043817e201557e09a654
  custom:scripting/monoscript/fileName/BaseEventData.cs:  -> fe1c8385b48c0521893f28f747b6fc69
  custom:scripting/monoscript/fileName/BaseMeshEffect.cs:  -> d6e560340e123aa95f6f5a8a2fcdf11f
  custom:scripting/monoscript/fileName/ColorBlock.cs:  -> 425ee059ac60082d71e36b92bc05c817
  custom:scripting/monoscript/fileName/ColorBlockDrawer.cs:  -> 5ce7ef2ba701206222b82e777add9575
  custom:scripting/monoscript/fileName/NavigationDrawer.cs:  -> d6f1c1b7e626587e232b7c29fd8317ca
  custom:scripting/monoscript/fileName/SpriteDrawUtility.cs:  -> 63a19974af19378fa2ed74e2b9646e43
  custom:scripting/monoscript/fileName/DropdownOptionListDrawer.cs:  -> 2b2ea9c97f9351f45324b7dd26de9002
  custom:scripting/monoscript/fileName/RaycasterManager.cs:  -> 734ccc1eb36467642b0349d544b4126e
  custom:scripting/monoscript/fileName/DefaultControls.cs:  -> 553a49af5274967d9937dc08d9e54483
  custom:scripting/monoscript/fileName/PhysicsRaycaster.cs:  -> 55704cfd308f55e8f2100e1978b8c859
  custom:scripting/monoscript/fileName/IndexedSet.cs:  -> 90647cc400823b41df847a6cbfc29026
  custom:scripting/monoscript/fileName/IMaskable.cs:  -> 7d1a33632a371b7839c89496b37570f7
  custom:scripting/monoscript/fileName/SetPropertyUtility.cs:  -> f604b4b9e6b0979bdfc1e2b40426dd19
  custom:scripting/monoscript/fileName/GraphicRegistry.cs:  -> 98589adfc9bed38aa1284f52d0906cff
  custom:scripting/monoscript/fileName/AnimationTriggers.cs:  -> 71e2bc068282cb51ef0c9c07f7c83c0e
  custom:scripting/monoscript/fileName/ScrollRect.cs:  -> ad946dcd0c52e084febb1a202c6365b7
  custom:scripting/monoscript/fileName/ContentSizeFitterEditor.cs:  -> d3472f0757f80a46d91353f6d23b99b9
  custom:scripting/monoscript/fileName/ImageEditor.cs:  -> 445a540a125ce6a604545e302da59d0d
  custom:scripting/monoscript/fileName/RectangularVertexClipper.cs:  -> b6da5fc33d733831211174eb77db8240
  custom:scripting/monoscript/fileName/RawImageEditor.cs:  -> a27f397991c9e00c409e9e5f249ac4cf
  custom:scripting/monoscript/fileName/IMaterialModifier.cs:  -> 22379bdba952e76eedc3495376a7f365
  custom:scripting/monoscript/fileName/SliderEditor.cs:  -> 311387dff33e7f968557acb6719ff318
  custom:scripting/monoscript/fileName/IClipRegion.cs:  -> 7f6cd92e6d4df0295c24c7c4ddc064ba
  custom:scripting/monoscript/fileName/SelectableEditor.cs:  -> 1481d527b8e3461180bdeab828e61e72
  custom:scripting/monoscript/fileName/EventSystem.cs:  -> 9893ce071eb20d5c73342946ea902daa
  custom:scripting/monoscript/fileName/UIBehaviour.cs:  -> 93a5dfaee450605a3ebf5df8a3c39094
  custom:scripting/monoscript/fileName/StandaloneInputModule.cs:  -> bdd0257dc8587dc277481ed15f006d00
  custom:scripting/monoscript/fileName/ExecuteEvents.cs:  -> 09bdf6afd188bdc384f065aac6293d3f
  custom:scripting/monoscript/fileName/BaseInput.cs:  -> 2124093b3f8a7fbb31af4584d7906f17
  custom:scripting/monoscript/fileName/AspectRatioFitterEditor.cs:  -> ca909eaa36fb5ef0289fe980de644381
  custom:scripting/monoscript/fileName/ContentSizeFitter.cs:  -> e2715cebc3fc71ede47fde6d9e9995cc
  custom:scripting/monoscript/fileName/ScrollRectEditor.cs:  -> 3c0730e578aa8d8fd5bfc2f3205e2ba0
  custom:scripting/monoscript/fileName/MenuOptions.cs:  -> d79d6d6d5841de7e6374a43e8dcef5a4
  custom:scripting/monoscript/fileName/InterceptedEventsPreview.cs:  -> 94e846ba0cdb752454d2d472cfe36d16
  custom:scripting/monoscript/fileName/PositionAsUV1.cs:  -> 2e4459b437a4807ec15690930098829a
  custom:scripting/monoscript/fileName/Dropdown.cs:  -> e2499375dbab18b142e2db07a091d792
  custom:scripting/monoscript/fileName/HorizontalLayoutGroup.cs:  -> 8a5b3f08374a0e6bc0ae61c7820d3dc9
  custom:scripting/monoscript/fileName/ToggleEditor.cs:  -> bd84b18f689a3b85ecdf512fffc714e6
  custom:scripting/monoscript/fileName/SelfControllerEditor.cs:  -> 7085c77278668b218f5204af2c8ef3a1
  custom:scripting/monoscript/fileName/MaskableGraphic.cs:  -> aad20bbffec73c4b301a1ae8e335759b
  custom:scripting/monoscript/fileName/Text.cs:  -> f3cd2527cc0cf233b21b58a0a7d6ebc9
  custom:scripting/monoscript/fileName/TextEditor.cs:  -> 0795927915f8ee9dc27f674f60e96764
  custom:scripting/monoscript/fileName/PointerInputModule.cs:  -> c4d4fe7ccbecd5087b916bc87196dbe9
  custom:scripting/monoscript/fileName/Graphic.cs:  -> a06ccab3be7023340f550cfeaabbe07e
  custom:scripting/monoscript/fileName/ClipperRegistry.cs:  -> 8e6c24182f27f55fb4de3b4cdfe95c6c
  custom:scripting/monoscript/fileName/Mask.cs:  -> 30def7c5b8ef23ce62910d8eb0c002c6
  custom:scripting/monoscript/fileName/RectMask2D.cs:  -> 4d0473b9b97e6b8149c43fe7277f2c32
  custom:scripting/monoscript/fileName/DropdownEditor.cs:  -> 7835943c2b1e7ab14674862cb91ce165
  custom:scripting/monoscript/fileName/SpriteState.cs:  -> 57b3309510f8493daf4f3019efe64711
  custom:scripting/monoscript/fileName/HorizontalOrVerticalLayoutGroupEditor.cs:  -> b818b9a01e994214d99cc7440db09dec
  custom:scripting/monoscript/fileName/MultipleDisplayUtilities.cs:  -> 4c3c70e26636165f46aedff2bed06aa3
  custom:scripting/monoscript/fileName/LayoutElementEditor.cs:  -> 7b7a8175ebabe6f0476df392a9d779f5
  custom:scripting/monoscript/fileName/SpriteStateDrawer.cs:  -> 5df3134a6f23a9419d53d42b06555043
  custom:scripting/monoscript/fileName/GraphicEditor.cs:  -> 0dc931f0f060b1c1aa4b9934f3c02068
  custom:scripting/monoscript/fileName/LayoutPropertiesPreview.cs:  -> 464f6e736bc56387abed9e1345b58e03
  custom:scripting/monoscript/fileName/CanvasScaler.cs:  -> 2ea1923de8f9e015366994adf4a911f8
  custom:scripting/monoscript/fileName/PrefabLayoutRebuilder.cs:  -> a5c4903b52cf08d0d76a12531586d566
  custom:scripting/monoscript/fileName/IMeshModifier.cs:  -> d34ea46c6ec982082dceca7968209d0b
  custom:scripting/monoscript/fileName/InputField.cs:  -> 50f5a4450f02a1646ac6ec7a42f31f75
  custom:scripting/monoscript/fileName/InputFieldEditor.cs:  -> ae985d67ad35a24d695667fcf35d81ef
  custom:scripting/monoscript/fileName/Slider.cs:  -> fa9653030ac65718025b6955291e99ef
  custom:scripting/monoscript/fileName/PointerEventData.cs:  -> 3c7a8b2c3ff2e04116c5ea92277d670a
  custom:scripting/monoscript/fileName/IGraphicEnabledDisabled.cs:  -> 543e967edd29d3f90a7fada795a69d63
  custom:scripting/monoscript/fileName/IMask.cs:  -> 4835b27d1d14549285b4f8c83612ebc7
  custom:scripting/monoscript/fileName/FontDataDrawer.cs:  -> f7cbe293c2e3dff2ee39aff7bd4163b1
  custom:scripting/monoscript/fileName/Selectable.cs:  -> 355ffa2236bbfbbd4ecc059e599154f4
  custom:scripting/monoscript/fileName/Toggle.cs:  -> fc59b554e8aca13c5f78dc9bb5f2dcbb
  custom:scripting/monoscript/fileName/FontData.cs:  -> 2624b2b5223fc7daa60b578156662561
  custom:scripting/monoscript/fileName/RaycastResult.cs:  -> 3da05e5f8945f9e35dd9f158a0fc91b7
  custom:scripting/monoscript/fileName/ButtonEditor.cs:  -> 5ac506fb7c7a0164c335183377af7ab2
  custom:scripting/precompiled-assembly-types:UnityEditor.UI:  -> 6bae215471362000d6dbd3e0ee304a50
  custom:scripting/monoscript/fileName/VerticalLayoutGroup.cs:  -> d5cf2f2f23f5247db7d886894bac9b3f
  custom:scripting/monoscript/fileName/Physics2DRaycaster.cs:  -> 532e9bb49f140fabac2c7047d6401ab9
  custom:scripting/monoscript/fileName/Navigation.cs:  -> e35012b3e8f0b9a62e22595c530c4b09
  custom:scripting/monoscript/fileName/StencilMaterial.cs:  -> c69bffbf7b7d04b1aed525ae7043b52a
  custom:scripting/monoscript/fileName/RawImage.cs:  -> 9b1f9ced27d17db391e342a1964f4b65
  custom:scripting/monoscript/fileName/Outline.cs:  -> abe7a3b85236fa2aa6a727443644081c
  custom:scripting/monoscript/fileName/ToggleGroup.cs:  -> 861cd52fff6f1d7a73f5457b3b97dda8
  custom:scripting/monoscript/fileName/AxisEventData.cs:  -> bd68a02a31e92e066ceec31b011fbc57
  custom:scripting/precompiled-assembly-types:UnityEngine.UI:  -> 7ac2e4ab0e1385bc66dd6dd258282fe3
  custom:scripting/monoscript/fileName/Physics2DRaycasterEditor.cs:  -> 9e7f63ac2881662ae3bbd50a4338aa2a
  custom:scripting/monoscript/fileName/RectMask2DEditor.cs:  -> f121c7dbc11fd506db77fcd126dfa3fc
  custom:scripting/monoscript/fileName/MaskEditor.cs:  -> 3bd6622b0f25c580774e523433166ef0
  custom:scripting/monoscript/fileName/PanelEventHandler.cs:  -> ba6769d051300e140797e22cf69b8ced
  custom:scripting/monoscript/fileName/GridLayoutGroupEditor.cs:  -> e48ddca2b2d4210562ae141b312d8312
  custom:scripting/monoscript/fileName/ILayoutElement.cs:  -> a5941e42345b87779111dd71a1bb5868
  custom:scripting/monoscript/fileName/Misc.cs:  -> 7ed2e50827551a4e78c69f183dffa2c9
  custom:scripting/monoscript/fileName/BaseRaycaster.cs:  -> e37362e329c8091c64b863e33af2335e
  custom:scripting/monoscript/fileName/HorizontalOrVerticalLayoutGroup.cs:  -> eac4934c775299d8b76ff59142d92fe4
  custom:scripting/monoscript/fileName/CoroutineTween.cs:  -> 145a57fb4b19fcfb123b1dcc9c6ec846
  custom:scripting/monoscript/fileName/Image.cs:  -> dab426e5f5622a0f37965b80d0c94886
  custom:scripting/monoscript/fileName/AspectRatioFitter.cs:  -> d0d41744e6957c53bac0c4dfa076cfbe
  custom:scripting/monoscript/fileName/FontUpdateTracker.cs:  -> 0edf4184b1e65a637688bed2aad2858e
  custom:scripting/monoscript/fileName/EventTrigger.cs:  -> 302ed930e5ba0917aa82911027f67670
  custom:scripting/monoscript/fileName/GraphicRebuildTracker.cs:  -> 8de94ef43240abdb34f228fee6977ffb
  custom:scripting/monoscript/fileName/CanvasScalerEditor.cs:  -> 45d5b31aba10a8b7f96c6429c8d1cf15
  custom:scripting/monoscript/fileName/EventInterfaces.cs:  -> 207de7b71ff167cef7ae4584652d1556
  custom:scripting/monoscript/fileName/AnimationTriggersDrawer.cs:  -> a95af93c1a59bab8729323baee4360e5
  custom:scripting/monoscript/fileName/ReflectionMethodsCache.cs:  -> c5cb035abcaae76940caca8d15cf29e4
  custom:scripting/monoscript/fileName/PhysicsRaycasterEditor.cs:  -> 110591b94d444b72f6a02c548bb7e869
  custom:scripting/monoscript/fileName/ScrollbarEditor.cs:  -> b44327427537937c6a57f8543906e016
  custom:scripting/monoscript/fileName/PanelRaycaster.cs:  -> 57c5b48d37b14bf434fbeb37894146ef
  custom:scripting/monoscript/fileName/GridLayoutGroup.cs:  -> 43759e18a5ea1dda932d71b40c61dda6
  custom:scripting/monoscript/fileName/CanvasUpdateRegistry.cs:  -> bdf5b5b4904888a4c7ec20bc9ff4f0a2
  custom:scripting/monoscript/fileName/GraphicRaycaster.cs:  -> 0fc8c9d6ff17669221a0b586bde06477
  custom:scripting/monoscript/fileName/Scrollbar.cs:  -> 042fdb4d377c0d68cf1021e2ead3c650
  custom:scripting/monoscript/fileName/Shadow.cs:  -> 7884315ffc3a3b9bc418d86e8992798d
  custom:scripting/monoscript/fileName/EventSystemEditor.cs:  -> 76f2d1177650edec9abc8c01fb91473a
  custom:scripting/monoscript/fileName/VertexHelper.cs:  -> d79122a4ca8eedf6798884cad51c94ef
  custom:scripting/monoscript/fileName/LayoutElement.cs:  -> 0ad083ca76b6eceec2f3e5e824de2611
========================================================================
Received Import Request.
  Time since last request: 64052.136136 seconds.
  path: Assets/Sprite/Sprite.asset
  artifactKey: Guid(e70322d03c1c18c4da88414b11bf903c) Importer(815301076,1909f56bfc062723c751e8b465ee728b)
Start importing Assets/Sprite/Sprite.asset using Guid(e70322d03c1c18c4da88414b11bf903c) Importer(815301076,1909f56bfc062723c751e8b465ee728b) [PhysX] Initialized MultithreadedTaskDispatcher with 8 workers.
 -> (artifact id: 'e5458f6b0828b06eeb9e2d17b0d6891c') in 0.142817 seconds
Number of updated asset objects reloaded before import = 0
Number of asset objects unloaded after import = 3
========================================================================
Received Import Request.
  Time since last request: 0.000038 seconds.
  path: Assets/PrefabInstance/SpawnPoint.prefab
  artifactKey: Guid(8a0241baacaa9594a9f81e9614872463) Importer(815301076,1909f56bfc062723c751e8b465ee728b)
Start importing Assets/PrefabInstance/SpawnPoint.prefab using Guid(8a0241baacaa9594a9f81e9614872463) Importer(815301076,1909f56bfc062723c751e8b465ee728b) [PhysX] Initialized MultithreadedTaskDispatcher with 8 workers.
[PhysX] Initialized MultithreadedTaskDispatcher with 8 workers.
 -> (artifact id: '22fe971adb36637974cf4db6b541b444') in 0.208675 seconds
Number of updated asset objects reloaded before import = 0
Number of asset objects unloaded after import = 6
========================================================================
Received Import Request.
  Time since last request: 3.423503 seconds.
  path: Assets/Resources
  artifactKey: Guid(bf139e7b4274bac46b03bbcaa66297a9) Importer(815301076,1909f56bfc062723c751e8b465ee728b)
Start importing Assets/Resources using Guid(bf139e7b4274bac46b03bbcaa66297a9) Importer(815301076,1909f56bfc062723c751e8b465ee728b) [PhysX] Initialized MultithreadedTaskDispatcher with 8 workers.
 -> (artifact id: 'a9a24cf1c40231f6034f686a3f147d44') in 0.000428 seconds
Number of updated asset objects reloaded before import = 0
Number of asset objects unloaded after import = 0
========================================================================
Received Import Request.
  Time since last request: 31.272693 seconds.
  path: Assets/Plugins/Assembly-CSharp-firstpass/UnityStandardAssets/Utility/SimpleActivatorMenu.cs
  artifactKey: Guid(0a978509b791feb40489879a2a9bc3a0) Importer(815301076,1909f56bfc062723c751e8b465ee728b)
Start importing Assets/Plugins/Assembly-CSharp-firstpass/UnityStandardAssets/Utility/SimpleActivatorMenu.cs using Guid(0a978509b791feb40489879a2a9bc3a0) Importer(815301076,1909f56bfc062723c751e8b465ee728b) [PhysX] Initialized MultithreadedTaskDispatcher with 8 workers.
 -> (artifact id: '9e94325ea5a26ef1af4d32ff85d372aa') in 0.000461 seconds
Number of updated asset objects reloaded before import = 0
Number of asset objects unloaded after import = 0
========================================================================
Received Import Request.
  Time since last request: 4.732884 seconds.
  path: Assets/Plugins/Assembly-CSharp-firstpass/UnityStandardAssets/Utility/FollowTarget.cs
  artifactKey: Guid(a2ed16b1ed822287e4fbce05706605b4) Importer(815301076,1909f56bfc062723c751e8b465ee728b)
Start importing Assets/Plugins/Assembly-CSharp-firstpass/UnityStandardAssets/Utility/FollowTarget.cs using Guid(a2ed16b1ed822287e4fbce05706605b4) Importer(815301076,1909f56bfc062723c751e8b465ee728b) [PhysX] Initialized MultithreadedTaskDispatcher with 8 workers.
 -> (artifact id: '6de7cb5c8f8462ccf86148a53dc248ba') in 0.000449 seconds
Number of updated asset objects reloaded before import = 0
Number of asset objects unloaded after import = 0
========================================================================
Received Import Request.
  Time since last request: 9.961061 seconds.
  path: Assets/Plugins/Assembly-CSharp-firstpass/ForcedReset.cs
  artifactKey: Guid(d37090e3481556198e7bc01a56f2f7b1) Importer(815301076,1909f56bfc062723c751e8b465ee728b)
Start importing Assets/Plugins/Assembly-CSharp-firstpass/ForcedReset.cs using Guid(d37090e3481556198e7bc01a56f2f7b1) Importer(815301076,1909f56bfc062723c751e8b465ee728b) [PhysX] Initialized MultithreadedTaskDispatcher with 8 workers.
 -> (artifact id: 'c37162590c865743da2ca3bfc4c5ed6c') in 0.000561 seconds
Number of updated asset objects reloaded before import = 0
Number of asset objects unloaded after import = 0
========================================================================
Received Prepare
Caller must complete domain reload
Begin MonoManager ReloadAssembly
- Loaded All Assemblies, in  0.253 seconds
Native extension for WindowsStandalone target not found
Native extension for Android target not found
Native extension for WebGL target not found
Mono: successfully reloaded assembly
- Finished resetting the current domain, in  0.375 seconds
Domain Reload Profiling: 628ms
	BeginReloadAssembly (161ms)
		ExecutionOrderSort (0ms)
		DisableScriptedObjects (6ms)
		BackupInstance (0ms)
		ReleaseScriptingObjects (0ms)
		CreateAndSetChildDomain (21ms)
	RebuildCommonClasses (43ms)
	RebuildNativeTypeToScriptingClass (12ms)
	initialDomainReloadingComplete (19ms)
	LoadAllAssembliesAndSetupDomain (18ms)
		LoadAssemblies (114ms)
		RebuildTransferFunctionScriptingTraits (0ms)
		AnalyzeDomain (12ms)
			TypeCache.Refresh (7ms)
				TypeCache.ScanAssembly (1ms)
			ScanForSourceGeneratedMonoScriptInfo (1ms)
			ResolveRequiredComponents (3ms)
	FinalizeReload (375ms)
		ReleaseScriptCaches (0ms)
		RebuildScriptCaches (0ms)
		SetupLoadedEditorAssemblies (253ms)
			LogAssemblyErrors (0ms)
			InitializePlatformSupportModulesInManaged (17ms)
			SetLoadedEditorAssemblies (5ms)
			RefreshPlugins (0ms)
			BeforeProcessingInitializeOnLoad (37ms)
			ProcessInitializeOnLoadAttributes (168ms)
			ProcessInitializeOnLoadMethodAttributes (24ms)
			AfterProcessingInitializeOnLoad (3ms)
			EditorAssembliesLoaded (0ms)
		ExecutionOrderSort2 (0ms)
		AwakeInstancesAfterBackupRestoration (6ms)
Refreshing native plugins compatible for Editor in 0.00 ms, found 0 plugins.
Preloading 0 native plugins for Editor in 0.00 ms.
Unloading 347 Unused Serialized files (Serialized files now loaded: 0)
Unloading 3 unused Assets / (23.4 KB). Loaded Objects now: 842.
Memory consumption went from 60.9 MB to 60.9 MB.
Total: 2.207100 ms (FindLiveObjects: 0.098700 ms CreateObjectMapping: 0.013000 ms MarkObjects: 2.060300 ms  DeleteObjects: 0.033300 ms)

Prepare: number of updated asset objects reloaded= 0
AssetImportParameters requested are different than current active one (requested -> active):
  custom:scripting/monoscript/fileName/ActivateTrigger.cs: c17dbf6ebd3571655102669753f97191 -> 
  custom:video-encoder-webm-vp8: eb34c28f22e8b96e1ab97ce403110664 -> 
  custom:scripting/monoscript/fileName/StandaloneInput.cs: 88b73dc74cc44043423a370601c3162d -> 
  custom:scripting/monoscript/fileName/SimpleProtectCameraFromWallClip.cs: 64a4c1d0c64219484730a5ab6d718ea8 -> 
  custom:scripting/monoscript/fileName/FOVKick.cs: d136c86792778333cf463e29c8f7ade6 -> 
  custom:scripting/monoscript/fileName/TimedObjectActivator.cs: 84d59b656049724ff4d137b83abcc377 -> 
  custom:scripting/monoscript/fileName/GoogleMobileAdsClientFactory.cs: 811b79505a6a9b194be5d803662fc18b -> 
  custom:scripting/monoscript/fileName/MonoPInvokeCallbackAttribute.cs: f1ad341d16cc3cf8b4549cd0af0e7249 -> 
  custom:scripting/monoscript/fileName/VirtualInput.cs: dc5775c312c5ecb7052c36f3d3ca27fc -> 
  custom:scripting/monoscript/fileName/Joystick.cs: 11af4b90318823aa68a285f0f2d513aa -> 
  custom:video-decoder-webm-vp8: 9c59270c3fd7afecdb556c50c9e8de78 -> 
  custom:scripting/monoscript/fileName/HunterLeg.cs: aa02763b947ce0867567eea9653e82ca -> 
  custom:scripting/monoscript/fileName/FollowTarget.cs: b1a6ed13124065658ba5d24dfcda5053 -> 
  custom:scripting/monoscript/fileName/FootSound.cs: 50acff23196b5b9a305bd54d98bf2e42 -> 
  custom:scripting/monoscript/fileName/OffMeshLinkDisabler.cs: 4ee6b709da05638c6f53822c0373c2dd -> 
  custom:scripting/monoscript/fileName/RewardBasedVideoAd.cs: eb427df501d3a4781d5ec15e0b22ebee -> 
  custom:scripting/monoscript/fileName/NativeExpressAdView.cs: 9cf20bca926ef50363747bd88996f50b -> 
  custom:scripting/monoscript/fileName/DefaultInAppPurchaseListener.cs: 01e7c5331e00c52850b51fd7e12db465 -> 
  custom:scripting/monoscript/fileName/ItemFall.cs: 26dbb304c96126fe3e45af9e4609f002 -> 
  custom:scripting/monoscript/fileName/SimpleFinishCam.cs: 005328b6dd71458f42251ea2e11943e6 -> 
  custom:scripting/monoscript/fileName/SimpleJoystick.cs: 3418f56a832cf88800cd3ff9c9a66a7f -> 
  custom:scripting/monoscript/fileName/CanvasController.cs: 6790d50a096deebd4a1713acf607b3ac -> 
  custom:scripting/monoscript/fileName/SoundController.cs: 336a9494f46a59e4c974300a82291fb6 -> 
  custom:scripting/monoscript/fileName/DynamicShadowSettings.cs: 4d386fbb6170c62321b4d131fcbbb95b -> 
  custom:scripting/monoscript/fileName/AlertViewController.cs: 28c2b9d996b2fca238a155b00193395e -> 
  custom:scripting/monoscript/fileName/AdRequest.cs: dc16a1beb79301a69225b49d452e4757 -> 
  custom:scripting/monoscript/fileName/SceneController.cs: 3ef5623db2458cc6fd817fc6271b7e41 -> 
  custom:scripting/monoscript/fileName/Reward.cs: 20be682d1243e4088b456cd2157d7b26 -> 
  custom:scripting/monoscript/fileName/SimpleLookatTarget.cs: ff124b6a2303aa32303868a0ea896b94 -> 
  custom:scripting/monoscript/fileName/HunterSpawnTrigger.cs: 848d3bdfe015df79c00e8dee990f070b -> 
  custom:scripting/monoscript/fileName/InAppPurchaseResult.cs: 53bfbbb8695f288ab7ddcee762772ab3 -> 
  custom:scripting/monoscript/fileName/SpawnCloud.cs: 021229583528cf7372de26e8196988f5 -> 
  custom:scripting/monoscript/fileName/GameController.cs: b39d91587c2553fd886ac9cec92f1e80 -> 
  custom:scripting/monoscript/fileName/CanvasMiniMap.cs: ee21fa1d3785cd8244b00b14f1ce60a0 -> 
  custom:scripting/monoscript/fileName/OuterWalls.cs: dc701718e8ae3963661d422b20903199 -> 
  custom:scripting/monoscript/fileName/CurveControlledBob.cs: fd3c34ca61c0dfb6328f54c1782436be -> 
  custom:scripting/monoscript/fileName/AutoMobileShaderSwitch.cs: dbc4b61687edf370102702d571f8ec2b -> 
  custom:scripting/monoscript/fileName/PlayerUserControl.cs: 6db579c73632180051afeefc33072253 -> 
  custom:scripting/monoscript/fileName/AutoCam.cs: ae81c0234c6aa2e342909cd6ad8531f9 -> 
  custom:scripting/monoscript/fileName/MobileInput.cs: 916a9248ab1eb3f0d791859f028e70d8 -> 
  custom:scripting/monoscript/fileName/MenuController.cs: f98156acb6c9b62b4aff1540a104a198 -> 
  custom:scripting/monoscript/fileName/NativeExpressAdClient.cs: 2a5c17f00844a4cd6734bdc8e2b16db0 -> 
  custom:audio-decoder-ogg-vorbis: bf7c407c2cedff20999df2af8eb42d56 -> 
  custom:scripting/monoscript/fileName/AdLoader.cs: 6427d799a3b6e9742afd683a9715880b -> 
  custom:scripting/monoscript/fileName/IInAppPurchaseResult.cs: feafa53c0b3d3f1f8a0ce252cb357387 -> 
  custom:scripting/monoscript/fileName/AbstractTargetFollower.cs: 6409c10c17b027813bf616cbbd82342d -> 
  custom:scripting/monoscript/fileName/CameraRefocus.cs: ad0ece5675b71eb36894f0c255f332e4 -> 
  custom:scripting/monoscript/fileName/HunterJumpSensor.cs: 3cdcabb4e29bafae30def54361ca86c9 -> 
  custom:scripting/monoscript/fileName/InputAxisScrollbar.cs: ac9f721155332e2772dc111905c4d583 -> 
  custom:video-decoder-ogg-theora: a1e56fd34408186e4bbccfd4996cb3dc -> 
  custom:scripting/monoscript/fileName/WaypointCircuit.cs: 06398e30b670de3f47607b45ceb108cf -> 
  custom:scripting/monoscript/fileName/CustomInAppPurchase.cs: 2e8598b283a0f5ba356559cc61845db2 -> 
  custom:scripting/monoscript/fileName/BannerView.cs: 1766d5de63319ff905aec1128d97054e -> 
  custom:scripting/monoscript/fileName/CustomNativeTemplateClient.cs: 6036f2706a04721b096f4976fba102cf -> 
  custom:scripting/monoscript/fileName/ParticleSystemDestroyer.cs: 4a3ccd840619c24dbe6ed070600d5d9e -> 
  custom:scripting/monoscript/fileName/CustomInAppPurchaseListener.cs: 3b251460dae02703e16e364d1f09d7ec -> 
  custom:scripting/precompiled-assembly-types:Assembly-CSharp: ba4e79688b414620afdefb37963aef4f -> 
  custom:scripting/monoscript/fileName/HunterInAir.cs: 1d0b6dfcf0c483caec9a759ac912e3eb -> 
  custom:scripting/precompiled-assembly-types:Assembly-CSharp-firstpass: 2e5b517f4f366b878feae5226f4d3856 -> 
  custom:scripting/monoscript/fileName/RoboSafeArea.cs: f4e17af8d804b0bc3cdbde6ac0920c09 -> 
  custom:scripting/monoscript/fileName/RoboLoading.cs: da52830bf708ef5e9ff4607884eda5ab -> 
  custom:scripting/monoscript/fileName/SmoothFollow.cs: 6827ffa1ee9ce151924316a12a17fd6f -> 
  custom:scripting/monoscript/fileName/PivotBasedCameraRig.cs: 569fe548a68bbe05737c846b6136fd7c -> 
  custom:scripting/monoscript/fileName/CharacterChanger.cs: bb180f6a6438cbf1eeed12f831c9f051 -> 
  custom:scripting/monoscript/fileName/BannerClient.cs: dab05e526f265be5e52bcbcdebf8fabb -> 
  custom:scripting/monoscript/fileName/SpawnItemController.cs: 3a947225c19097a08a5f92b629046c0a -> 
  custom:scripting/monoscript/fileName/TouchPad.cs: 6807f02d81a6bfd6af95f1e26dad1c08 -> 
  custom:scripting/monoscript/fileName/WaypointProgressTracker.cs: 4258c6b0386daa037a45b680ab62a1e0 -> 
  custom:scripting/monoscript/fileName/FreeLookCam.cs: fbcb717fad2034192c3ecbc696d6e019 -> 
  custom:scripting/monoscript/fileName/HandHeldCam.cs: 39d3287cbb1e5c085859aee4b8cca7a8 -> 
  custom:scripting/monoscript/fileName/AlphaButtonClickMask.cs: d9b1e64559b9156677fa9de4d563dc4f -> 
  custom:scripting/monoscript/fileName/ICustomNativeTemplateClient.cs: fe6f3cf87bb6f3a3498b9726a55ee3b3 -> 
  custom:scripting/monoscript/fileName/FPSCounter.cs: 61325357dea45ada3313f117fe0f7127 -> 
  custom:scripting/monoscript/fileName/Utils.cs: eee9e29125c2b1724bd5c3f518d3f30c -> 
  custom:audio-encoder-webm-vorbis: bf7c407c2cedff20999df2af8eb42d56 -> 
  custom:scripting/monoscript/fileName/LerpControlledBob.cs: e1bf67f0a3095bf49332446dc0219443 -> 
  custom:scripting/monoscript/fileName/PlayerStatistics.cs: a786e5b782f4bcd3525841bd96338306 -> 
  custom:scripting/monoscript/fileName/HunterStackChecker.cs: a4f466bcc39daa65177a2b94383561e1 -> 
  custom:scripting/monoscript/fileName/ObjectResetter.cs: 4729f3c5ec4320f6d42859ed0a7e4fcc -> 
  custom:scripting/monoscript/fileName/AdFailedToLoadEventArgs.cs: a2af71380444df3cdbd20ffdda4cf51c -> 
  custom:scripting/monoscript/fileName/PlayerCharacter.cs: f6aaaec4975a69898d6c6f6623e45d29 -> 
  custom:scripting/monoscript/fileName/TiltInput.cs: 005a4f12ebe0782535d5f88c408eacfe -> 
  custom:scripting/monoscript/fileName/Hunter.cs: 5d456803b5d1cc3da408c50d60322a76 -> 
  custom:scripting/monoscript/fileName/PlatformSpecificContent.cs: d80b16e46fa47259f162b60d4de03e39 -> 
  custom:scripting/monoscript/fileName/TurnDotTypeChanger.cs: 515e55e29532aee9a95d38e4f2838c26 -> 
  custom:scripting/monoscript/fileName/SimpleFreeLookCam.cs: 4959a86dde99924f0b3ba271fad6918a -> 
  custom:container-demuxer-webm: 4f35f7cbe854078d1ac9338744f61a02 -> 
  custom:scripting/monoscript/fileName/SimpleMouseRotator.cs: dba573bcb546f175149e62ba814f5b72 -> 
  custom:scripting/monoscript/fileName/CameraController.cs: 9afc567523072d385e7e839f14f42a40 -> 
  custom:scripting/monoscript/fileName/CrossPlatformInputManager.cs: 6de8af81d021eaf9393099950d116e92 -> 
  custom:scripting/monoscript/fileName/CustomNativeTemplateAd.cs: f7a8e95bce211fc2f6406d2f60529de7 -> 
  custom:scripting/monoscript/fileName/ProtectCameraFromWallClip.cs: 18650a4d464e78aba1a2e69e7a59ce82 -> 
  custom:scripting/monoscript/fileName/AutoMoveAndRotate.cs: cadb60ca81f0fa092bfbe6288b868ff7 -> 
  custom:SearchIndexIgnoredProperties: e643bd26f0fe6173181afceb89e7c659 -> 
  custom:scripting/monoscript/fileName/ShadowOff.cs: ac6828ca83530c62742f02d104ebb7cb -> 
  custom:scripting/monoscript/fileName/FinishCamStarter.cs: 03a40659826cfe46b8dbd64514fc6686 -> 
  custom:scripting/monoscript/fileName/IDefaultInAppPurchaseProcessor.cs: b440b19e0e5a270424742416bbbd0e69 -> 
  custom:scripting/monoscript/fileName/AxisTouchButton.cs: a7aa800e764d8b80087fc24ac7f59d30 -> 
  custom:scripting/monoscript/fileName/DragRigidbody.cs: 4603c3af3f13916f3fa935f6c699052a -> 
  custom:scripting/monoscript/fileName/IRewardBasedVideoAdClient.cs: 52fe3776767f097f1bf32567a2909d91 -> 
  custom:scripting/monoscript/fileName/ButtonHandler.cs: bf99f15b4b4da7541cf1a3227d33dba4 -> 
  custom:container-muxer-webm: aa71ff27fc2769a1b78a27578f13a17b -> 
  custom:scripting/monoscript/fileName/PlayerStaminaController.cs: 53975fa7819afe8d69e1ba382be91aaf -> 
  custom:scripting/monoscript/fileName/EventSystemChecker.cs: 8ff64b04718551a6bca2d6f2b6f6ea6e -> 
  custom:scripting/monoscript/fileName/SpawnHunterController.cs: fd562afe066c5ca2ff79a4161a97bc95 -> 
  custom:scripting/monoscript/fileName/HunterAILeg.cs: 928dd6c993d943efec7c925b725dee42 -> 
  custom:scripting/monoscript/fileName/INativeExpressAdClient.cs: 2f72b1fcc669606130103338830e2d3b -> 
  custom:scripting/monoscript/fileName/RewardBasedVideoAdClient.cs: 8f22a136215db466bee837f1fecc8859 -> 
  custom:scripting/monoscript/fileName/TimedObjectDestructor.cs: 2b9ef5c24d8ac1876bcac32bfbb70091 -> 
  custom:scripting/monoscript/fileName/IAdLoaderClient.cs: 97b31d34586e7af8e857d799976e4117 -> 
  custom:scripting/monoscript/fileName/DebugAutoReturn.cs: 306a6ed4c64452938d91c99825f5d610 -> 
  custom:scripting/monoscript/fileName/InterstitialAd.cs: 83a3085cffca8b95d59d6274a94727dd -> 
  custom:scripting/monoscript/fileName/MiniMapCamera.cs: c9444d6cbd180b13e1eb5a2da3565d83 -> 
  custom:container-demuxer-ogg: 62fdf1f143b41e24485cea50d1cbac27 -> 
  custom:scripting/monoscript/fileName/BGMController.cs: 8b121817cf318136f977e80329455398 -> 
  custom:scripting/monoscript/fileName/TargetFieldOfView.cs: 51d23f9917ca2bff79136f2f326daaed -> 
  custom:scripting/monoscript/fileName/IInterstitialClient.cs: 991d608191b78c8e7fd5db9be9f06978 -> 
  custom:AudioImporter_EditorPlatform: d09bf68614088b80899f8185d706f6e7 -> 
  custom:scripting/monoscript/fileName/SimpleAutoCam.cs: 4310ad63db5a4e2ba8f199b3f969db6e -> 
  custom:scripting/monoscript/fileName/CustomNativeEventArgs.cs: f666e5091b7f3e8b349100896254b062 -> 
  custom:scripting/monoscript/fileName/DummyClient.cs: eb95fd880d462fdae09cd043197f4dc0 -> 
  custom:scripting/monoscript/fileName/IBannerClient.cs: b9b61c2e35f8bd601fca9f1d63a4b923 -> 
  custom:scripting/monoscript/fileName/InterstitialClient.cs: fc8d236523c5c99476766ace7ed47648 -> 
  custom:scripting/monoscript/fileName/PlayerBarrierController.cs: a442bc9cd1fd8570dc60961e79ac1504 -> 
  custom:CustomObjectIndexerAttribute: 9a22284fe3817be447336de3de66b15e -> 
  custom:scripting/monoscript/fileName/AdSize.cs: db3da01e27728216ff17e248351b16a6 -> 
  custom:scripting/monoscript/fileName/PlayerCaught.cs: 074ed13314ae003bd61ecd29b84b6060 -> 
  custom:framework-win-MediaFoundation: 216162199b28c13a410421893ffa2e32 -> 
  custom:scripting/monoscript/fileName/Localizer.cs: 3c969bcbc00bddba4909b5a691e5a5b6 -> 
  custom:scripting/monoscript/fileName/LookatTarget.cs: 24990fd6a1942dd499cec63d308f9c02 -> 
  custom:scripting/monoscript/fileName/HairChanger.cs: f09704418f2c265f751e26c52c57843f -> 
  custom:scripting/monoscript/fileName/AdLoaderClient.cs: 25e8a11a1b7948177c43756bf41a1444 -> 
  custom:scripting/monoscript/fileName/MobileControlRig.cs: edcf953c7c7f28c0e7c76ed3794b771a -> 
  custom:scripting/monoscript/fileName/ICustomInAppPurchaseProcessor.cs: f838330b3221c6a6923f626d7493da8e -> 
  custom:scripting/monoscript/fileName/ICustomInAppPurchase.cs: 22f662ccc67246622bc7515778898d41 -> 
  custom:scripting/monoscript/fileName/MiniMapArrow.cs: 00d5a541c0e2dd458ca0d804160d7b96 -> 
========================================================================
Received Import Request.
  Time since last request: 132.957458 seconds.
  path: Assets/Scenes/Main.unity
  artifactKey: Guid(4fdbdd05e26e57d41b7ca8f5326e22e9) Importer(815301076,1909f56bfc062723c751e8b465ee728b)
Start importing Assets/Scenes/Main.unity using Guid(4fdbdd05e26e57d41b7ca8f5326e22e9) Importer(815301076,1909f56bfc062723c751e8b465ee728b) [PhysX] Initialized MultithreadedTaskDispatcher with 8 workers.
 -> (artifact id: '36537bcf15f62fe3196f34b572181611') in 0.001921 seconds
Number of updated asset objects reloaded before import = 0
Number of asset objects unloaded after import = 0
========================================================================
Received Prepare
Caller must complete domain reload
Begin MonoManager ReloadAssembly
- Loaded All Assemblies, in  0.259 seconds
Native extension for WindowsStandalone target not found
Native extension for Android target not found
Native extension for WebGL target not found
Mono: successfully reloaded assembly
- Finished resetting the current domain, in  0.358 seconds
Domain Reload Profiling: 618ms
	BeginReloadAssembly (164ms)
		ExecutionOrderSort (0ms)
		DisableScriptedObjects (5ms)
		BackupInstance (0ms)
		ReleaseScriptingObjects (0ms)
		CreateAndSetChildDomain (20ms)
	RebuildCommonClasses (41ms)
	RebuildNativeTypeToScriptingClass (13ms)
	initialDomainReloadingComplete (24ms)
	LoadAllAssembliesAndSetupDomain (17ms)
		LoadAssemblies (119ms)
		RebuildTransferFunctionScriptingTraits (0ms)
		AnalyzeDomain (10ms)
			TypeCache.Refresh (5ms)
				TypeCache.ScanAssembly (0ms)
			ScanForSourceGeneratedMonoScriptInfo (0ms)
			ResolveRequiredComponents (4ms)
	FinalizeReload (359ms)
		ReleaseScriptCaches (0ms)
		RebuildScriptCaches (0ms)
		SetupLoadedEditorAssemblies (230ms)
			LogAssemblyErrors (0ms)
			InitializePlatformSupportModulesInManaged (19ms)
			SetLoadedEditorAssemblies (6ms)
			RefreshPlugins (0ms)
			BeforeProcessingInitializeOnLoad (37ms)
			ProcessInitializeOnLoadAttributes (144ms)
			ProcessInitializeOnLoadMethodAttributes (20ms)
			AfterProcessingInitializeOnLoad (4ms)
			EditorAssembliesLoaded (0ms)
		ExecutionOrderSort2 (0ms)
		AwakeInstancesAfterBackupRestoration (7ms)
Refreshing native plugins compatible for Editor in 0.00 ms, found 0 plugins.
Preloading 0 native plugins for Editor in 0.00 ms.
Unloading 347 Unused Serialized files (Serialized files now loaded: 0)
Unloading 0 unused Assets / (21.9 KB). Loaded Objects now: 842.
Memory consumption went from 61.0 MB to 61.0 MB.
Total: 2.147300 ms (FindLiveObjects: 0.061500 ms CreateObjectMapping: 0.012000 ms MarkObjects: 2.065200 ms  DeleteObjects: 0.007500 ms)

Prepare: number of updated asset objects reloaded= 0
AssetImportParameters requested are different than current active one (requested -> active):
  custom:scripting/monoscript/fileName/ActivateTrigger.cs: c17dbf6ebd3571655102669753f97191 -> 
  custom:video-encoder-webm-vp8: eb34c28f22e8b96e1ab97ce403110664 -> 
  custom:scripting/monoscript/fileName/StandaloneInput.cs: 88b73dc74cc44043423a370601c3162d -> 
  custom:scripting/monoscript/fileName/SimpleProtectCameraFromWallClip.cs: 64a4c1d0c64219484730a5ab6d718ea8 -> 
  custom:scripting/monoscript/fileName/FOVKick.cs: d136c86792778333cf463e29c8f7ade6 -> 
  custom:scripting/monoscript/fileName/TimedObjectActivator.cs: 84d59b656049724ff4d137b83abcc377 -> 
  custom:scripting/monoscript/fileName/GoogleMobileAdsClientFactory.cs: 811b79505a6a9b194be5d803662fc18b -> 
  custom:scripting/monoscript/fileName/MonoPInvokeCallbackAttribute.cs: f1ad341d16cc3cf8b4549cd0af0e7249 -> 
  custom:scripting/monoscript/fileName/VirtualInput.cs: dc5775c312c5ecb7052c36f3d3ca27fc -> 
  custom:scripting/monoscript/fileName/Joystick.cs: 11af4b90318823aa68a285f0f2d513aa -> 
  custom:video-decoder-webm-vp8: 9c59270c3fd7afecdb556c50c9e8de78 -> 
  custom:scripting/monoscript/fileName/HunterLeg.cs: aa02763b947ce0867567eea9653e82ca -> 
  custom:scripting/monoscript/fileName/FollowTarget.cs: b1a6ed13124065658ba5d24dfcda5053 -> 
  custom:scripting/monoscript/fileName/FootSound.cs: 50acff23196b5b9a305bd54d98bf2e42 -> 
  custom:scripting/monoscript/fileName/OffMeshLinkDisabler.cs: 4ee6b709da05638c6f53822c0373c2dd -> 
  custom:scripting/monoscript/fileName/RewardBasedVideoAd.cs: eb427df501d3a4781d5ec15e0b22ebee -> 
  custom:scripting/monoscript/fileName/NativeExpressAdView.cs: 9cf20bca926ef50363747bd88996f50b -> 
  custom:scripting/monoscript/fileName/DefaultInAppPurchaseListener.cs: 01e7c5331e00c52850b51fd7e12db465 -> 
  custom:scripting/monoscript/fileName/ItemFall.cs: 26dbb304c96126fe3e45af9e4609f002 -> 
  custom:scripting/monoscript/fileName/SimpleFinishCam.cs: 005328b6dd71458f42251ea2e11943e6 -> 
  custom:scripting/monoscript/fileName/SimpleJoystick.cs: 3418f56a832cf88800cd3ff9c9a66a7f -> 
  custom:scripting/monoscript/fileName/CanvasController.cs: 6790d50a096deebd4a1713acf607b3ac -> 
  custom:scripting/monoscript/fileName/SoundController.cs: 336a9494f46a59e4c974300a82291fb6 -> 
  custom:scripting/monoscript/fileName/DynamicShadowSettings.cs: 4d386fbb6170c62321b4d131fcbbb95b -> 
  custom:scripting/monoscript/fileName/AlertViewController.cs: 28c2b9d996b2fca238a155b00193395e -> 
  custom:scripting/monoscript/fileName/AdRequest.cs: dc16a1beb79301a69225b49d452e4757 -> 
  custom:scripting/monoscript/fileName/SceneController.cs: 3ef5623db2458cc6fd817fc6271b7e41 -> 
  custom:scripting/monoscript/fileName/Reward.cs: 20be682d1243e4088b456cd2157d7b26 -> 
  custom:scripting/monoscript/fileName/SimpleLookatTarget.cs: ff124b6a2303aa32303868a0ea896b94 -> 
  custom:scripting/monoscript/fileName/HunterSpawnTrigger.cs: 848d3bdfe015df79c00e8dee990f070b -> 
  custom:scripting/monoscript/fileName/InAppPurchaseResult.cs: 53bfbbb8695f288ab7ddcee762772ab3 -> 
  custom:scripting/monoscript/fileName/SpawnCloud.cs: 021229583528cf7372de26e8196988f5 -> 
  custom:scripting/monoscript/fileName/GameController.cs: b39d91587c2553fd886ac9cec92f1e80 -> 
  custom:scripting/monoscript/fileName/CanvasMiniMap.cs: ee21fa1d3785cd8244b00b14f1ce60a0 -> 
  custom:scripting/monoscript/fileName/OuterWalls.cs: dc701718e8ae3963661d422b20903199 -> 
  custom:scripting/monoscript/fileName/CurveControlledBob.cs: fd3c34ca61c0dfb6328f54c1782436be -> 
  custom:scripting/monoscript/fileName/AutoMobileShaderSwitch.cs: dbc4b61687edf370102702d571f8ec2b -> 
  custom:scripting/monoscript/fileName/PlayerUserControl.cs: 6db579c73632180051afeefc33072253 -> 
  custom:scripting/monoscript/fileName/AutoCam.cs: ae81c0234c6aa2e342909cd6ad8531f9 -> 
  custom:scripting/monoscript/fileName/MobileInput.cs: 916a9248ab1eb3f0d791859f028e70d8 -> 
  custom:scripting/monoscript/fileName/MenuController.cs: f98156acb6c9b62b4aff1540a104a198 -> 
  custom:scripting/monoscript/fileName/NativeExpressAdClient.cs: 2a5c17f00844a4cd6734bdc8e2b16db0 -> 
  custom:audio-decoder-ogg-vorbis: bf7c407c2cedff20999df2af8eb42d56 -> 
  custom:scripting/monoscript/fileName/AdLoader.cs: 6427d799a3b6e9742afd683a9715880b -> 
  custom:scripting/monoscript/fileName/IInAppPurchaseResult.cs: feafa53c0b3d3f1f8a0ce252cb357387 -> 
  custom:scripting/monoscript/fileName/AbstractTargetFollower.cs: 6409c10c17b027813bf616cbbd82342d -> 
  custom:scripting/monoscript/fileName/CameraRefocus.cs: ad0ece5675b71eb36894f0c255f332e4 -> 
  custom:scripting/monoscript/fileName/HunterJumpSensor.cs: 3cdcabb4e29bafae30def54361ca86c9 -> 
  custom:scripting/monoscript/fileName/InputAxisScrollbar.cs: ac9f721155332e2772dc111905c4d583 -> 
  custom:video-decoder-ogg-theora: a1e56fd34408186e4bbccfd4996cb3dc -> 
  custom:scripting/monoscript/fileName/WaypointCircuit.cs: 06398e30b670de3f47607b45ceb108cf -> 
  custom:scripting/monoscript/fileName/CustomInAppPurchase.cs: 2e8598b283a0f5ba356559cc61845db2 -> 
  custom:scripting/monoscript/fileName/BannerView.cs: 1766d5de63319ff905aec1128d97054e -> 
  custom:scripting/monoscript/fileName/CustomNativeTemplateClient.cs: 6036f2706a04721b096f4976fba102cf -> 
  custom:scripting/monoscript/fileName/ParticleSystemDestroyer.cs: 4a3ccd840619c24dbe6ed070600d5d9e -> 
  custom:scripting/monoscript/fileName/CustomInAppPurchaseListener.cs: 3b251460dae02703e16e364d1f09d7ec -> 
  custom:scripting/precompiled-assembly-types:Assembly-CSharp: ba4e79688b414620afdefb37963aef4f -> 
  custom:scripting/monoscript/fileName/HunterInAir.cs: 1d0b6dfcf0c483caec9a759ac912e3eb -> 
  custom:scripting/precompiled-assembly-types:Assembly-CSharp-firstpass: 2e5b517f4f366b878feae5226f4d3856 -> 
  custom:scripting/monoscript/fileName/RoboSafeArea.cs: f4e17af8d804b0bc3cdbde6ac0920c09 -> 
  custom:scripting/monoscript/fileName/RoboLoading.cs: da52830bf708ef5e9ff4607884eda5ab -> 
  custom:scripting/monoscript/fileName/SmoothFollow.cs: 6827ffa1ee9ce151924316a12a17fd6f -> 
  custom:scripting/monoscript/fileName/PivotBasedCameraRig.cs: 569fe548a68bbe05737c846b6136fd7c -> 
  custom:scripting/monoscript/fileName/CharacterChanger.cs: bb180f6a6438cbf1eeed12f831c9f051 -> 
  custom:scripting/monoscript/fileName/BannerClient.cs: dab05e526f265be5e52bcbcdebf8fabb -> 
  custom:scripting/monoscript/fileName/SpawnItemController.cs: 3a947225c19097a08a5f92b629046c0a -> 
  custom:scripting/monoscript/fileName/TouchPad.cs: 6807f02d81a6bfd6af95f1e26dad1c08 -> 
  custom:scripting/monoscript/fileName/WaypointProgressTracker.cs: 4258c6b0386daa037a45b680ab62a1e0 -> 
  custom:scripting/monoscript/fileName/FreeLookCam.cs: fbcb717fad2034192c3ecbc696d6e019 -> 
  custom:scripting/monoscript/fileName/HandHeldCam.cs: 39d3287cbb1e5c085859aee4b8cca7a8 -> 
  custom:scripting/monoscript/fileName/AlphaButtonClickMask.cs: d9b1e64559b9156677fa9de4d563dc4f -> 
  custom:scripting/monoscript/fileName/ICustomNativeTemplateClient.cs: fe6f3cf87bb6f3a3498b9726a55ee3b3 -> 
  custom:scripting/monoscript/fileName/FPSCounter.cs: 61325357dea45ada3313f117fe0f7127 -> 
  custom:scripting/monoscript/fileName/Utils.cs: eee9e29125c2b1724bd5c3f518d3f30c -> 
  custom:audio-encoder-webm-vorbis: bf7c407c2cedff20999df2af8eb42d56 -> 
  custom:scripting/monoscript/fileName/LerpControlledBob.cs: e1bf67f0a3095bf49332446dc0219443 -> 
  custom:scripting/monoscript/fileName/PlayerStatistics.cs: a786e5b782f4bcd3525841bd96338306 -> 
  custom:scripting/monoscript/fileName/HunterStackChecker.cs: a4f466bcc39daa65177a2b94383561e1 -> 
  custom:scripting/monoscript/fileName/ObjectResetter.cs: 4729f3c5ec4320f6d42859ed0a7e4fcc -> 
  custom:scripting/monoscript/fileName/AdFailedToLoadEventArgs.cs: a2af71380444df3cdbd20ffdda4cf51c -> 
  custom:scripting/monoscript/fileName/PlayerCharacter.cs: f6aaaec4975a69898d6c6f6623e45d29 -> 
  custom:scripting/monoscript/fileName/TiltInput.cs: 005a4f12ebe0782535d5f88c408eacfe -> 
  custom:scripting/monoscript/fileName/Hunter.cs: 5d456803b5d1cc3da408c50d60322a76 -> 
  custom:scripting/monoscript/fileName/PlatformSpecificContent.cs: d80b16e46fa47259f162b60d4de03e39 -> 
  custom:scripting/monoscript/fileName/TurnDotTypeChanger.cs: 515e55e29532aee9a95d38e4f2838c26 -> 
  custom:scripting/monoscript/fileName/SimpleFreeLookCam.cs: 4959a86dde99924f0b3ba271fad6918a -> 
  custom:container-demuxer-webm: 4f35f7cbe854078d1ac9338744f61a02 -> 
  custom:scripting/monoscript/fileName/SimpleMouseRotator.cs: dba573bcb546f175149e62ba814f5b72 -> 
  custom:scripting/monoscript/fileName/CameraController.cs: 9afc567523072d385e7e839f14f42a40 -> 
  custom:scripting/monoscript/fileName/CrossPlatformInputManager.cs: 6de8af81d021eaf9393099950d116e92 -> 
  custom:scripting/monoscript/fileName/CustomNativeTemplateAd.cs: f7a8e95bce211fc2f6406d2f60529de7 -> 
  custom:scripting/monoscript/fileName/ProtectCameraFromWallClip.cs: 18650a4d464e78aba1a2e69e7a59ce82 -> 
  custom:scripting/monoscript/fileName/AutoMoveAndRotate.cs: cadb60ca81f0fa092bfbe6288b868ff7 -> 
  custom:SearchIndexIgnoredProperties: e643bd26f0fe6173181afceb89e7c659 -> 
  custom:scripting/monoscript/fileName/ShadowOff.cs: ac6828ca83530c62742f02d104ebb7cb -> 
  custom:scripting/monoscript/fileName/FinishCamStarter.cs: 03a40659826cfe46b8dbd64514fc6686 -> 
  custom:scripting/monoscript/fileName/IDefaultInAppPurchaseProcessor.cs: b440b19e0e5a270424742416bbbd0e69 -> 
  custom:scripting/monoscript/fileName/AxisTouchButton.cs: a7aa800e764d8b80087fc24ac7f59d30 -> 
  custom:scripting/monoscript/fileName/DragRigidbody.cs: 4603c3af3f13916f3fa935f6c699052a -> 
  custom:scripting/monoscript/fileName/IRewardBasedVideoAdClient.cs: 52fe3776767f097f1bf32567a2909d91 -> 
  custom:scripting/monoscript/fileName/ButtonHandler.cs: bf99f15b4b4da7541cf1a3227d33dba4 -> 
  custom:container-muxer-webm: aa71ff27fc2769a1b78a27578f13a17b -> 
  custom:scripting/monoscript/fileName/PlayerStaminaController.cs: 53975fa7819afe8d69e1ba382be91aaf -> 
  custom:scripting/monoscript/fileName/EventSystemChecker.cs: 8ff64b04718551a6bca2d6f2b6f6ea6e -> 
  custom:scripting/monoscript/fileName/SpawnHunterController.cs: fd562afe066c5ca2ff79a4161a97bc95 -> 
  custom:scripting/monoscript/fileName/HunterAILeg.cs: 928dd6c993d943efec7c925b725dee42 -> 
  custom:scripting/monoscript/fileName/INativeExpressAdClient.cs: 2f72b1fcc669606130103338830e2d3b -> 
  custom:scripting/monoscript/fileName/RewardBasedVideoAdClient.cs: 8f22a136215db466bee837f1fecc8859 -> 
  custom:scripting/monoscript/fileName/TimedObjectDestructor.cs: 2b9ef5c24d8ac1876bcac32bfbb70091 -> 
  custom:scripting/monoscript/fileName/IAdLoaderClient.cs: 97b31d34586e7af8e857d799976e4117 -> 
  custom:scripting/monoscript/fileName/DebugAutoReturn.cs: 306a6ed4c64452938d91c99825f5d610 -> 
  custom:scripting/monoscript/fileName/InterstitialAd.cs: 83a3085cffca8b95d59d6274a94727dd -> 
  custom:scripting/monoscript/fileName/MiniMapCamera.cs: c9444d6cbd180b13e1eb5a2da3565d83 -> 
  custom:container-demuxer-ogg: 62fdf1f143b41e24485cea50d1cbac27 -> 
  custom:scripting/monoscript/fileName/BGMController.cs: 8b121817cf318136f977e80329455398 -> 
  custom:scripting/monoscript/fileName/TargetFieldOfView.cs: 51d23f9917ca2bff79136f2f326daaed -> 
  custom:scripting/monoscript/fileName/IInterstitialClient.cs: 991d608191b78c8e7fd5db9be9f06978 -> 
  custom:AudioImporter_EditorPlatform: d09bf68614088b80899f8185d706f6e7 -> 
  custom:scripting/monoscript/fileName/SimpleAutoCam.cs: 4310ad63db5a4e2ba8f199b3f969db6e -> 
  custom:scripting/monoscript/fileName/CustomNativeEventArgs.cs: f666e5091b7f3e8b349100896254b062 -> 
  custom:scripting/monoscript/fileName/DummyClient.cs: eb95fd880d462fdae09cd043197f4dc0 -> 
  custom:scripting/monoscript/fileName/IBannerClient.cs: b9b61c2e35f8bd601fca9f1d63a4b923 -> 
  custom:scripting/monoscript/fileName/InterstitialClient.cs: fc8d236523c5c99476766ace7ed47648 -> 
  custom:scripting/monoscript/fileName/PlayerBarrierController.cs: a442bc9cd1fd8570dc60961e79ac1504 -> 
  custom:CustomObjectIndexerAttribute: 9a22284fe3817be447336de3de66b15e -> 
  custom:scripting/monoscript/fileName/AdSize.cs: db3da01e27728216ff17e248351b16a6 -> 
  custom:scripting/monoscript/fileName/PlayerCaught.cs: 074ed13314ae003bd61ecd29b84b6060 -> 
  custom:framework-win-MediaFoundation: 216162199b28c13a410421893ffa2e32 -> 
  custom:scripting/monoscript/fileName/Localizer.cs: 3c969bcbc00bddba4909b5a691e5a5b6 -> 
  custom:scripting/monoscript/fileName/LookatTarget.cs: 24990fd6a1942dd499cec63d308f9c02 -> 
  custom:scripting/monoscript/fileName/HairChanger.cs: f09704418f2c265f751e26c52c57843f -> 
  custom:scripting/monoscript/fileName/AdLoaderClient.cs: 25e8a11a1b7948177c43756bf41a1444 -> 
  custom:scripting/monoscript/fileName/MobileControlRig.cs: edcf953c7c7f28c0e7c76ed3794b771a -> 
  custom:scripting/monoscript/fileName/ICustomInAppPurchaseProcessor.cs: f838330b3221c6a6923f626d7493da8e -> 
  custom:scripting/monoscript/fileName/ICustomInAppPurchase.cs: 22f662ccc67246622bc7515778898d41 -> 
  custom:scripting/monoscript/fileName/MiniMapArrow.cs: 00d5a541c0e2dd458ca0d804160d7b96 -> 
========================================================================
Received Import Request.
  Time since last request: 47.488791 seconds.
  path: Assets/Scenes/Field.unity
  artifactKey: Guid(3ec95f1bcbd204dd5b373676d685e020) Importer(815301076,1909f56bfc062723c751e8b465ee728b)
Start importing Assets/Scenes/Field.unity using Guid(3ec95f1bcbd204dd5b373676d685e020) Importer(815301076,1909f56bfc062723c751e8b465ee728b) [PhysX] Initialized MultithreadedTaskDispatcher with 8 workers.
 -> (artifact id: '741eadc3e031b9122bc9d53c89f6dc0f') in 0.002342 seconds
Number of updated asset objects reloaded before import = 0
Number of asset objects unloaded after import = 0
========================================================================
Received Prepare
Caller must complete domain reload
Begin MonoManager ReloadAssembly
- Loaded All Assemblies, in  0.247 seconds
Native extension for WindowsStandalone target not found
Native extension for Android target not found
Native extension for WebGL target not found
Mono: successfully reloaded assembly
- Finished resetting the current domain, in  0.380 seconds
Domain Reload Profiling: 628ms
	BeginReloadAssembly (162ms)
		ExecutionOrderSort (0ms)
		DisableScriptedObjects (5ms)
		BackupInstance (0ms)
		ReleaseScriptingObjects (0ms)
		CreateAndSetChildDomain (18ms)
	RebuildCommonClasses (37ms)
	RebuildNativeTypeToScriptingClass (12ms)
	initialDomainReloadingComplete (22ms)
	LoadAllAssembliesAndSetupDomain (15ms)
		LoadAssemblies (114ms)
		RebuildTransferFunctionScriptingTraits (0ms)
		AnalyzeDomain (8ms)
			TypeCache.Refresh (4ms)
				TypeCache.ScanAssembly (0ms)
			ScanForSourceGeneratedMonoScriptInfo (0ms)
			ResolveRequiredComponents (3ms)
	FinalizeReload (381ms)
		ReleaseScriptCaches (0ms)
		RebuildScriptCaches (0ms)
		SetupLoadedEditorAssemblies (235ms)
			LogAssemblyErrors (0ms)
			InitializePlatformSupportModulesInManaged (20ms)
			SetLoadedEditorAssemblies (5ms)
			RefreshPlugins (0ms)
			BeforeProcessingInitializeOnLoad (39ms)
			ProcessInitializeOnLoadAttributes (146ms)
			ProcessInitializeOnLoadMethodAttributes (22ms)
			AfterProcessingInitializeOnLoad (3ms)
			EditorAssembliesLoaded (0ms)
		ExecutionOrderSort2 (0ms)
		AwakeInstancesAfterBackupRestoration (7ms)
Refreshing native plugins compatible for Editor in 0.00 ms, found 0 plugins.
Preloading 0 native plugins for Editor in 0.00 ms.
Unloading 347 Unused Serialized files (Serialized files now loaded: 0)
Unloading 0 unused Assets / (21.9 KB). Loaded Objects now: 842.
Memory consumption went from 61.0 MB to 61.0 MB.
Total: 2.037400 ms (FindLiveObjects: 0.065000 ms CreateObjectMapping: 0.011400 ms MarkObjects: 1.952300 ms  DeleteObjects: 0.007800 ms)

Prepare: number of updated asset objects reloaded= 0
AssetImportParameters requested are different than current active one (requested -> active):
  custom:scripting/monoscript/fileName/ActivateTrigger.cs: c17dbf6ebd3571655102669753f97191 -> 
  custom:video-encoder-webm-vp8: eb34c28f22e8b96e1ab97ce403110664 -> 
  custom:scripting/monoscript/fileName/StandaloneInput.cs: 88b73dc74cc44043423a370601c3162d -> 
  custom:scripting/monoscript/fileName/SimpleProtectCameraFromWallClip.cs: 64a4c1d0c64219484730a5ab6d718ea8 -> 
  custom:scripting/monoscript/fileName/FOVKick.cs: d136c86792778333cf463e29c8f7ade6 -> 
  custom:scripting/monoscript/fileName/TimedObjectActivator.cs: 84d59b656049724ff4d137b83abcc377 -> 
  custom:scripting/monoscript/fileName/GoogleMobileAdsClientFactory.cs: 811b79505a6a9b194be5d803662fc18b -> 
  custom:scripting/monoscript/fileName/MonoPInvokeCallbackAttribute.cs: f1ad341d16cc3cf8b4549cd0af0e7249 -> 
  custom:scripting/monoscript/fileName/VirtualInput.cs: dc5775c312c5ecb7052c36f3d3ca27fc -> 
  custom:scripting/monoscript/fileName/Joystick.cs: 11af4b90318823aa68a285f0f2d513aa -> 
  custom:video-decoder-webm-vp8: 9c59270c3fd7afecdb556c50c9e8de78 -> 
  custom:scripting/monoscript/fileName/HunterLeg.cs: aa02763b947ce0867567eea9653e82ca -> 
  custom:scripting/monoscript/fileName/FollowTarget.cs: b1a6ed13124065658ba5d24dfcda5053 -> 
  custom:scripting/monoscript/fileName/FootSound.cs: 50acff23196b5b9a305bd54d98bf2e42 -> 
  custom:scripting/monoscript/fileName/OffMeshLinkDisabler.cs: 4ee6b709da05638c6f53822c0373c2dd -> 
  custom:scripting/monoscript/fileName/RewardBasedVideoAd.cs: eb427df501d3a4781d5ec15e0b22ebee -> 
  custom:scripting/monoscript/fileName/NativeExpressAdView.cs: 9cf20bca926ef50363747bd88996f50b -> 
  custom:scripting/monoscript/fileName/DefaultInAppPurchaseListener.cs: 01e7c5331e00c52850b51fd7e12db465 -> 
  custom:scripting/monoscript/fileName/ItemFall.cs: 26dbb304c96126fe3e45af9e4609f002 -> 
  custom:scripting/monoscript/fileName/SimpleFinishCam.cs: 005328b6dd71458f42251ea2e11943e6 -> 
  custom:scripting/monoscript/fileName/SimpleJoystick.cs: 3418f56a832cf88800cd3ff9c9a66a7f -> 
  custom:scripting/monoscript/fileName/CanvasController.cs: 6790d50a096deebd4a1713acf607b3ac -> 
  custom:scripting/monoscript/fileName/SoundController.cs: 336a9494f46a59e4c974300a82291fb6 -> 
  custom:scripting/monoscript/fileName/DynamicShadowSettings.cs: 4d386fbb6170c62321b4d131fcbbb95b -> 
  custom:scripting/monoscript/fileName/AlertViewController.cs: 28c2b9d996b2fca238a155b00193395e -> 
  custom:scripting/monoscript/fileName/AdRequest.cs: dc16a1beb79301a69225b49d452e4757 -> 
  custom:scripting/monoscript/fileName/SceneController.cs: 3ef5623db2458cc6fd817fc6271b7e41 -> 
  custom:scripting/monoscript/fileName/Reward.cs: 20be682d1243e4088b456cd2157d7b26 -> 
  custom:scripting/monoscript/fileName/SimpleLookatTarget.cs: ff124b6a2303aa32303868a0ea896b94 -> 
  custom:scripting/monoscript/fileName/HunterSpawnTrigger.cs: 848d3bdfe015df79c00e8dee990f070b -> 
  custom:scripting/monoscript/fileName/InAppPurchaseResult.cs: 53bfbbb8695f288ab7ddcee762772ab3 -> 
  custom:scripting/monoscript/fileName/SpawnCloud.cs: 021229583528cf7372de26e8196988f5 -> 
  custom:scripting/monoscript/fileName/GameController.cs: b39d91587c2553fd886ac9cec92f1e80 -> 
  custom:scripting/monoscript/fileName/CanvasMiniMap.cs: ee21fa1d3785cd8244b00b14f1ce60a0 -> 
  custom:scripting/monoscript/fileName/OuterWalls.cs: dc701718e8ae3963661d422b20903199 -> 
  custom:scripting/monoscript/fileName/CurveControlledBob.cs: fd3c34ca61c0dfb6328f54c1782436be -> 
  custom:scripting/monoscript/fileName/AutoMobileShaderSwitch.cs: dbc4b61687edf370102702d571f8ec2b -> 
  custom:scripting/monoscript/fileName/PlayerUserControl.cs: 6db579c73632180051afeefc33072253 -> 
  custom:scripting/monoscript/fileName/AutoCam.cs: ae81c0234c6aa2e342909cd6ad8531f9 -> 
  custom:scripting/monoscript/fileName/MobileInput.cs: 916a9248ab1eb3f0d791859f028e70d8 -> 
  custom:scripting/monoscript/fileName/MenuController.cs: f98156acb6c9b62b4aff1540a104a198 -> 
  custom:scripting/monoscript/fileName/NativeExpressAdClient.cs: 2a5c17f00844a4cd6734bdc8e2b16db0 -> 
  custom:audio-decoder-ogg-vorbis: bf7c407c2cedff20999df2af8eb42d56 -> 
  custom:scripting/monoscript/fileName/AdLoader.cs: 6427d799a3b6e9742afd683a9715880b -> 
  custom:scripting/monoscript/fileName/IInAppPurchaseResult.cs: feafa53c0b3d3f1f8a0ce252cb357387 -> 
  custom:scripting/monoscript/fileName/AbstractTargetFollower.cs: 6409c10c17b027813bf616cbbd82342d -> 
  custom:scripting/monoscript/fileName/CameraRefocus.cs: ad0ece5675b71eb36894f0c255f332e4 -> 
  custom:scripting/monoscript/fileName/HunterJumpSensor.cs: 3cdcabb4e29bafae30def54361ca86c9 -> 
  custom:scripting/monoscript/fileName/InputAxisScrollbar.cs: ac9f721155332e2772dc111905c4d583 -> 
  custom:video-decoder-ogg-theora: a1e56fd34408186e4bbccfd4996cb3dc -> 
  custom:scripting/monoscript/fileName/WaypointCircuit.cs: 06398e30b670de3f47607b45ceb108cf -> 
  custom:scripting/monoscript/fileName/CustomInAppPurchase.cs: 2e8598b283a0f5ba356559cc61845db2 -> 
  custom:scripting/monoscript/fileName/BannerView.cs: 1766d5de63319ff905aec1128d97054e -> 
  custom:scripting/monoscript/fileName/CustomNativeTemplateClient.cs: 6036f2706a04721b096f4976fba102cf -> 
  custom:scripting/monoscript/fileName/ParticleSystemDestroyer.cs: 4a3ccd840619c24dbe6ed070600d5d9e -> 
  custom:scripting/monoscript/fileName/CustomInAppPurchaseListener.cs: 3b251460dae02703e16e364d1f09d7ec -> 
  custom:scripting/precompiled-assembly-types:Assembly-CSharp: ba4e79688b414620afdefb37963aef4f -> 
  custom:scripting/monoscript/fileName/HunterInAir.cs: 1d0b6dfcf0c483caec9a759ac912e3eb -> 
  custom:scripting/precompiled-assembly-types:Assembly-CSharp-firstpass: 2e5b517f4f366b878feae5226f4d3856 -> 
  custom:scripting/monoscript/fileName/RoboSafeArea.cs: f4e17af8d804b0bc3cdbde6ac0920c09 -> 
  custom:scripting/monoscript/fileName/RoboLoading.cs: da52830bf708ef5e9ff4607884eda5ab -> 
  custom:scripting/monoscript/fileName/SmoothFollow.cs: 6827ffa1ee9ce151924316a12a17fd6f -> 
  custom:scripting/monoscript/fileName/PivotBasedCameraRig.cs: 569fe548a68bbe05737c846b6136fd7c -> 
  custom:scripting/monoscript/fileName/CharacterChanger.cs: bb180f6a6438cbf1eeed12f831c9f051 -> 
  custom:scripting/monoscript/fileName/BannerClient.cs: dab05e526f265be5e52bcbcdebf8fabb -> 
  custom:scripting/monoscript/fileName/SpawnItemController.cs: 3a947225c19097a08a5f92b629046c0a -> 
  custom:scripting/monoscript/fileName/TouchPad.cs: 6807f02d81a6bfd6af95f1e26dad1c08 -> 
  custom:scripting/monoscript/fileName/WaypointProgressTracker.cs: 4258c6b0386daa037a45b680ab62a1e0 -> 
  custom:scripting/monoscript/fileName/FreeLookCam.cs: fbcb717fad2034192c3ecbc696d6e019 -> 
  custom:scripting/monoscript/fileName/HandHeldCam.cs: 39d3287cbb1e5c085859aee4b8cca7a8 -> 
  custom:scripting/monoscript/fileName/AlphaButtonClickMask.cs: d9b1e64559b9156677fa9de4d563dc4f -> 
  custom:scripting/monoscript/fileName/ICustomNativeTemplateClient.cs: fe6f3cf87bb6f3a3498b9726a55ee3b3 -> 
  custom:scripting/monoscript/fileName/FPSCounter.cs: 61325357dea45ada3313f117fe0f7127 -> 
  custom:scripting/monoscript/fileName/Utils.cs: eee9e29125c2b1724bd5c3f518d3f30c -> 
  custom:audio-encoder-webm-vorbis: bf7c407c2cedff20999df2af8eb42d56 -> 
  custom:scripting/monoscript/fileName/LerpControlledBob.cs: e1bf67f0a3095bf49332446dc0219443 -> 
  custom:scripting/monoscript/fileName/PlayerStatistics.cs: a786e5b782f4bcd3525841bd96338306 -> 
  custom:scripting/monoscript/fileName/HunterStackChecker.cs: a4f466bcc39daa65177a2b94383561e1 -> 
  custom:scripting/monoscript/fileName/ObjectResetter.cs: 4729f3c5ec4320f6d42859ed0a7e4fcc -> 
  custom:scripting/monoscript/fileName/AdFailedToLoadEventArgs.cs: a2af71380444df3cdbd20ffdda4cf51c -> 
  custom:scripting/monoscript/fileName/PlayerCharacter.cs: f6aaaec4975a69898d6c6f6623e45d29 -> 
  custom:scripting/monoscript/fileName/TiltInput.cs: 005a4f12ebe0782535d5f88c408eacfe -> 
  custom:scripting/monoscript/fileName/Hunter.cs: 5d456803b5d1cc3da408c50d60322a76 -> 
  custom:scripting/monoscript/fileName/PlatformSpecificContent.cs: d80b16e46fa47259f162b60d4de03e39 -> 
  custom:scripting/monoscript/fileName/TurnDotTypeChanger.cs: 515e55e29532aee9a95d38e4f2838c26 -> 
  custom:scripting/monoscript/fileName/SimpleFreeLookCam.cs: 4959a86dde99924f0b3ba271fad6918a -> 
  custom:container-demuxer-webm: 4f35f7cbe854078d1ac9338744f61a02 -> 
  custom:scripting/monoscript/fileName/SimpleMouseRotator.cs: dba573bcb546f175149e62ba814f5b72 -> 
  custom:scripting/monoscript/fileName/CameraController.cs: 9afc567523072d385e7e839f14f42a40 -> 
  custom:scripting/monoscript/fileName/CrossPlatformInputManager.cs: 6de8af81d021eaf9393099950d116e92 -> 
  custom:scripting/monoscript/fileName/CustomNativeTemplateAd.cs: f7a8e95bce211fc2f6406d2f60529de7 -> 
  custom:scripting/monoscript/fileName/ProtectCameraFromWallClip.cs: 18650a4d464e78aba1a2e69e7a59ce82 -> 
  custom:scripting/monoscript/fileName/AutoMoveAndRotate.cs: cadb60ca81f0fa092bfbe6288b868ff7 -> 
  custom:SearchIndexIgnoredProperties: e643bd26f0fe6173181afceb89e7c659 -> 
  custom:scripting/monoscript/fileName/ShadowOff.cs: ac6828ca83530c62742f02d104ebb7cb -> 
  custom:scripting/monoscript/fileName/FinishCamStarter.cs: 03a40659826cfe46b8dbd64514fc6686 -> 
  custom:scripting/monoscript/fileName/IDefaultInAppPurchaseProcessor.cs: b440b19e0e5a270424742416bbbd0e69 -> 
  custom:scripting/monoscript/fileName/AxisTouchButton.cs: a7aa800e764d8b80087fc24ac7f59d30 -> 
  custom:scripting/monoscript/fileName/DragRigidbody.cs: 4603c3af3f13916f3fa935f6c699052a -> 
  custom:scripting/monoscript/fileName/IRewardBasedVideoAdClient.cs: 52fe3776767f097f1bf32567a2909d91 -> 
  custom:scripting/monoscript/fileName/ButtonHandler.cs: bf99f15b4b4da7541cf1a3227d33dba4 -> 
  custom:container-muxer-webm: aa71ff27fc2769a1b78a27578f13a17b -> 
  custom:scripting/monoscript/fileName/PlayerStaminaController.cs: 53975fa7819afe8d69e1ba382be91aaf -> 
  custom:scripting/monoscript/fileName/EventSystemChecker.cs: 8ff64b04718551a6bca2d6f2b6f6ea6e -> 
  custom:scripting/monoscript/fileName/SpawnHunterController.cs: fd562afe066c5ca2ff79a4161a97bc95 -> 
  custom:scripting/monoscript/fileName/HunterAILeg.cs: 928dd6c993d943efec7c925b725dee42 -> 
  custom:scripting/monoscript/fileName/INativeExpressAdClient.cs: 2f72b1fcc669606130103338830e2d3b -> 
  custom:scripting/monoscript/fileName/RewardBasedVideoAdClient.cs: 8f22a136215db466bee837f1fecc8859 -> 
  custom:scripting/monoscript/fileName/TimedObjectDestructor.cs: 2b9ef5c24d8ac1876bcac32bfbb70091 -> 
  custom:scripting/monoscript/fileName/IAdLoaderClient.cs: 97b31d34586e7af8e857d799976e4117 -> 
  custom:scripting/monoscript/fileName/DebugAutoReturn.cs: 306a6ed4c64452938d91c99825f5d610 -> 
  custom:scripting/monoscript/fileName/InterstitialAd.cs: 83a3085cffca8b95d59d6274a94727dd -> 
  custom:scripting/monoscript/fileName/MiniMapCamera.cs: c9444d6cbd180b13e1eb5a2da3565d83 -> 
  custom:container-demuxer-ogg: 62fdf1f143b41e24485cea50d1cbac27 -> 
  custom:scripting/monoscript/fileName/BGMController.cs: 8b121817cf318136f977e80329455398 -> 
  custom:scripting/monoscript/fileName/TargetFieldOfView.cs: 51d23f9917ca2bff79136f2f326daaed -> 
  custom:scripting/monoscript/fileName/IInterstitialClient.cs: 991d608191b78c8e7fd5db9be9f06978 -> 
  custom:AudioImporter_EditorPlatform: d09bf68614088b80899f8185d706f6e7 -> 
  custom:scripting/monoscript/fileName/SimpleAutoCam.cs: 4310ad63db5a4e2ba8f199b3f969db6e -> 
  custom:scripting/monoscript/fileName/CustomNativeEventArgs.cs: f666e5091b7f3e8b349100896254b062 -> 
  custom:scripting/monoscript/fileName/DummyClient.cs: eb95fd880d462fdae09cd043197f4dc0 -> 
  custom:scripting/monoscript/fileName/IBannerClient.cs: b9b61c2e35f8bd601fca9f1d63a4b923 -> 
  custom:scripting/monoscript/fileName/InterstitialClient.cs: fc8d236523c5c99476766ace7ed47648 -> 
  custom:scripting/monoscript/fileName/PlayerBarrierController.cs: a442bc9cd1fd8570dc60961e79ac1504 -> 
  custom:CustomObjectIndexerAttribute: 9a22284fe3817be447336de3de66b15e -> 
  custom:scripting/monoscript/fileName/AdSize.cs: db3da01e27728216ff17e248351b16a6 -> 
  custom:scripting/monoscript/fileName/PlayerCaught.cs: 074ed13314ae003bd61ecd29b84b6060 -> 
  custom:framework-win-MediaFoundation: 216162199b28c13a410421893ffa2e32 -> 
  custom:scripting/monoscript/fileName/Localizer.cs: 3c969bcbc00bddba4909b5a691e5a5b6 -> 
  custom:scripting/monoscript/fileName/LookatTarget.cs: 24990fd6a1942dd499cec63d308f9c02 -> 
  custom:scripting/monoscript/fileName/HairChanger.cs: f09704418f2c265f751e26c52c57843f -> 
  custom:scripting/monoscript/fileName/AdLoaderClient.cs: 25e8a11a1b7948177c43756bf41a1444 -> 
  custom:scripting/monoscript/fileName/MobileControlRig.cs: edcf953c7c7f28c0e7c76ed3794b771a -> 
  custom:scripting/monoscript/fileName/ICustomInAppPurchaseProcessor.cs: f838330b3221c6a6923f626d7493da8e -> 
  custom:scripting/monoscript/fileName/ICustomInAppPurchase.cs: 22f662ccc67246622bc7515778898d41 -> 
  custom:scripting/monoscript/fileName/MiniMapArrow.cs: 00d5a541c0e2dd458ca0d804160d7b96 -> 
